[debug] [2021-08-29T10:42:57.408Z] ----------------------------------------------------------------------
[debug] [2021-08-29T10:42:57.410Z] Command:       /usr/local/bin/node /usr/local/bin/firebase deploy
[debug] [2021-08-29T10:42:57.410Z] CLI Version:   9.16.6
[debug] [2021-08-29T10:42:57.410Z] Platform:      linux
[debug] [2021-08-29T10:42:57.410Z] Node Version:  v12.19.0
[debug] [2021-08-29T10:42:57.411Z] Time:          Sun Aug 29 2021 16:12:57 GMT+0530 (India Standard Time)
[debug] [2021-08-29T10:42:57.411Z] ----------------------------------------------------------------------
[debug] 
[debug] [2021-08-29T10:42:57.466Z] > command requires scopes: ["email","openid","https://www.googleapis.com/auth/cloudplatformprojects.readonly","https://www.googleapis.com/auth/firebase","https://www.googleapis.com/auth/cloud-platform"]
[debug] [2021-08-29T10:42:57.466Z] > authorizing via signed-in user (abcpr108@gmail.com)
[debug] [2021-08-29T10:42:57.466Z] [iam] checking project fir-playground-36b7e for permissions ["firebase.projects.get","firebasehosting.sites.update"]
[debug] [2021-08-29T10:42:57.469Z] > refreshing access token with scopes: ["email","https://www.googleapis.com/auth/cloud-platform","https://www.googleapis.com/auth/cloudplatformprojects.readonly","https://www.googleapis.com/auth/firebase","openid"]
[debug] [2021-08-29T10:42:57.469Z] >>> HTTP REQUEST POST https://www.googleapis.com/oauth2/v3/token  
 <request body omitted>
[debug] [2021-08-29T10:42:58.175Z] <<< HTTP RESPONSE 200 {"date":"Sun, 29 Aug 2021 10:42:58 GMT","pragma":"no-cache","cache-control":"no-cache, no-store, max-age=0, must-revalidate","expires":"Mon, 01 Jan 1990 00:00:00 GMT","content-type":"application/json; charset=utf-8","vary":"X-Origin, Referer, Origin,Accept-Encoding","server":"scaffolding on HTTPServer2","x-xss-protection":"0","x-frame-options":"SAMEORIGIN","x-content-type-options":"nosniff","alt-svc":"h3=\":443\"; ma=2592000,h3-29=\":443\"; ma=2592000,h3-T051=\":443\"; ma=2592000,h3-Q050=\":443\"; ma=2592000,h3-Q046=\":443\"; ma=2592000,h3-Q043=\":443\"; ma=2592000,quic=\":443\"; ma=2592000; v=\"46,43\"","accept-ranges":"none","transfer-encoding":"chunked"}
[debug] [2021-08-29T10:42:58.182Z] >>> HTTP REQUEST POST https://cloudresourcemanager.googleapis.com/v1/projects/fir-playground-36b7e:testIamPermissions  
 {"permissions":["firebase.projects.get","firebasehosting.sites.update"]}
[debug] [2021-08-29T10:43:00.220Z] <<< HTTP RESPONSE 200 {"content-type":"application/json; charset=UTF-8","vary":"X-Origin, Referer, Origin,Accept-Encoding","date":"Sun, 29 Aug 2021 10:42:59 GMT","server":"ESF","cache-control":"private","x-xss-protection":"0","x-frame-options":"SAMEORIGIN","x-content-type-options":"nosniff","server-timing":"gfet4t7; dur=1140","alt-svc":"h3=\":443\"; ma=2592000,h3-29=\":443\"; ma=2592000,h3-T051=\":443\"; ma=2592000,h3-Q050=\":443\"; ma=2592000,h3-Q046=\":443\"; ma=2592000,h3-Q043=\":443\"; ma=2592000,quic=\":443\"; ma=2592000; v=\"46,43\"","accept-ranges":"none","transfer-encoding":"chunked"}
[debug] [2021-08-29T10:43:00.226Z] > refreshing access token with scopes: []
[debug] [2021-08-29T10:43:00.226Z] >>> HTTP REQUEST POST https://www.googleapis.com/oauth2/v3/token  
 <request body omitted>
[debug] [2021-08-29T10:43:00.847Z] <<< HTTP RESPONSE 200 {"pragma":"no-cache","date":"Sun, 29 Aug 2021 10:43:00 GMT","expires":"Mon, 01 Jan 1990 00:00:00 GMT","cache-control":"no-cache, no-store, max-age=0, must-revalidate","content-type":"application/json; charset=utf-8","vary":"X-Origin, Referer, Origin,Accept-Encoding","server":"scaffolding on HTTPServer2","x-xss-protection":"0","x-frame-options":"SAMEORIGIN","x-content-type-options":"nosniff","alt-svc":"h3=\":443\"; ma=2592000,h3-29=\":443\"; ma=2592000,h3-T051=\":443\"; ma=2592000,h3-Q050=\":443\"; ma=2592000,h3-Q046=\":443\"; ma=2592000,h3-Q043=\":443\"; ma=2592000,quic=\":443\"; ma=2592000; v=\"46,43\"","accept-ranges":"none","transfer-encoding":"chunked"}
[debug] [2021-08-29T10:43:00.858Z] >>> [apiv2][query] GET https://firebase.googleapis.com/v1beta1/projects/fir-playground-36b7e [none]
[debug] [2021-08-29T10:43:02.072Z] <<< [apiv2][status] GET https://firebase.googleapis.com/v1beta1/projects/fir-playground-36b7e 200
[debug] [2021-08-29T10:43:02.072Z] <<< [apiv2][body] GET https://firebase.googleapis.com/v1beta1/projects/fir-playground-36b7e {"projectId":"fir-playground-36b7e","projectNumber":"241340312847","displayName":"Firebase-playground","name":"projects/fir-playground-36b7e","resources":{"hostingSite":"fir-playground-36b7e","realtimeDatabaseInstance":"fir-playground-36b7e-default-rtdb","storageBucket":"fir-playground-36b7e.appspot.com","locationId":"asia-southeast2"},"state":"ACTIVE"}
[info] 
[info] === Deploying to 'fir-playground-36b7e'...
[info] 
[info] i  deploying hosting 
[debug] [2021-08-29T10:43:02.076Z] > refreshing access token with scopes: ["email","https://www.googleapis.com/auth/cloud-platform","https://www.googleapis.com/auth/cloudplatformprojects.readonly","https://www.googleapis.com/auth/firebase","openid"]
[debug] [2021-08-29T10:43:02.077Z] >>> HTTP REQUEST POST https://www.googleapis.com/oauth2/v3/token  
 <request body omitted>
[debug] [2021-08-29T10:43:02.687Z] <<< HTTP RESPONSE 200 {"expires":"Mon, 01 Jan 1990 00:00:00 GMT","cache-control":"no-cache, no-store, max-age=0, must-revalidate","pragma":"no-cache","date":"Sun, 29 Aug 2021 10:43:02 GMT","content-type":"application/json; charset=utf-8","vary":"X-Origin, Referer, Origin,Accept-Encoding","server":"scaffolding on HTTPServer2","x-xss-protection":"0","x-frame-options":"SAMEORIGIN","x-content-type-options":"nosniff","alt-svc":"h3=\":443\"; ma=2592000,h3-29=\":443\"; ma=2592000,h3-T051=\":443\"; ma=2592000,h3-Q050=\":443\"; ma=2592000,h3-Q046=\":443\"; ma=2592000,h3-Q043=\":443\"; ma=2592000,quic=\":443\"; ma=2592000; v=\"46,43\"","accept-ranges":"none","transfer-encoding":"chunked"}
[debug] [2021-08-29T10:43:02.700Z] >>> HTTP REQUEST POST https://firebasehosting.googleapis.com/v1beta1/sites/fir-playground-36b7e/versions  
 {"config":{"rewrites":[{"glob":"**","path":"/index.html"}]},"labels":{"deployment-tool":"cli-firebase"}}
[debug] [2021-08-29T10:43:05.545Z] <<< HTTP RESPONSE 200 {"content-type":"application/json; charset=UTF-8","vary":"X-Origin, Referer, Origin,Accept-Encoding","date":"Sun, 29 Aug 2021 10:43:05 GMT","server":"ESF","cache-control":"private","x-xss-protection":"0","x-frame-options":"SAMEORIGIN","x-content-type-options":"nosniff","alt-svc":"h3=\":443\"; ma=2592000,h3-29=\":443\"; ma=2592000,h3-T051=\":443\"; ma=2592000,h3-Q050=\":443\"; ma=2592000,h3-Q046=\":443\"; ma=2592000,h3-Q043=\":443\"; ma=2592000,quic=\":443\"; ma=2592000; v=\"46,43\"","accept-ranges":"none","transfer-encoding":"chunked"}
[info] i  hosting[fir-playground-36b7e]: beginning deploy... 
[info] i  hosting[fir-playground-36b7e]: found 16 files in build 
[debug] [2021-08-29T10:43:06.312Z] > refreshing access token with scopes: []
[debug] [2021-08-29T10:43:06.313Z] >>> HTTP REQUEST POST https://www.googleapis.com/oauth2/v3/token  
 <request body omitted>
[debug] [2021-08-29T10:43:06.313Z] [hosting] hash cache [YnVpbGQ] stored for 16 files
[debug] [2021-08-29T10:43:06.313Z] [hosting][hash queue][FINAL] {"max":750,"min":10,"avg":62.1875,"active":0,"complete":16,"success":16,"errored":0,"retried":0,"total":16,"elapsed":755}
[debug] [2021-08-29T10:43:06.977Z] <<< HTTP RESPONSE 200 {"cache-control":"no-cache, no-store, max-age=0, must-revalidate","pragma":"no-cache","date":"Sun, 29 Aug 2021 10:43:06 GMT","expires":"Mon, 01 Jan 1990 00:00:00 GMT","content-type":"application/json; charset=utf-8","vary":"X-Origin, Referer, Origin,Accept-Encoding","server":"scaffolding on HTTPServer2","x-xss-protection":"0","x-frame-options":"SAMEORIGIN","x-content-type-options":"nosniff","alt-svc":"h3=\":443\"; ma=2592000,h3-29=\":443\"; ma=2592000,h3-T051=\":443\"; ma=2592000,h3-Q050=\":443\"; ma=2592000,h3-Q046=\":443\"; ma=2592000,h3-Q043=\":443\"; ma=2592000,quic=\":443\"; ma=2592000; v=\"46,43\"","accept-ranges":"none","transfer-encoding":"chunked"}
[debug] [2021-08-29T10:43:06.985Z] >>> [apiv2][query] POST https://firebasehosting.googleapis.com/v1beta1/sites/fir-playground-36b7e/versions/706b6335c350357b:populateFiles [none]
[debug] [2021-08-29T10:43:06.985Z] >>> [apiv2][body] POST https://firebasehosting.googleapis.com/v1beta1/sites/fir-playground-36b7e/versions/706b6335c350357b:populateFiles {"files":{"/asset-manifest.json":"9765a7711851dda3e6b972a229c2933d0a866802e65b3b17ca794d95085b470c","/manifest.json":"2d5515714ef48b2c8fea52b3225a0322278a8d79ed2f06119de324633a3b0e10","/index.html":"9efa1caff9b49db6a4a8c68e17318609bddee9f97c8b4380285a0ac475f4fc88","/robots.txt":"2544ca049f223a42bff01f72ad930a5edba75bbb7199d0f8430a02ff5aca16ec","/static/css/main.8f172ad9.chunk.css":"0b20c03af61f644f7c24a4ab2c9b9bea219d0aff09c0d80f41fdf9c5c4e9bd0e","/static/css/main.8f172ad9.chunk.css.map":"64477322b2f2e9cb919fdcb4cd91561b51afa70f6acefb81ea77b744ad3626f8","/static/js/3.cfa32df3.chunk.js":"8d524fa2aef5d594772aafa209d080352283f65cb9baf7d61b6912f3af13beb6","/static/js/2.4fd547a1.chunk.js.LICENSE.txt":"e2a499888d842a02fbf3b50649852a22b895c35f446838016183eb340dc870f3","/static/js/3.cfa32df3.chunk.js.map":"6d00b3221b0871650cf63fb3d579391e6c498c93be0f7066abd6683f112f359e","/static/js/main.f6e4e4c1.chunk.js":"3ba75ba19bab41e2f082b47a05c1295133b6fd0142bfba84bf57172acb9fd112","/static/js/runtime-main.fd5bd09b.js":"52ad31fb364d73c9a1f728987661dec84fd021c9ec4a2de36ed93d1b61a27cd7","/static/js/runtime-main.fd5bd09b.js.map":"bf41371f5fc73dd35bb70090c6dcb96d010642e830d3fe8630b2964c6c299b5d","/static/media/background.ce351c08.jpg":"eb4071ee4af523e21bc7c1283949848c3f4122a0d7399010d6a5123750a300d5","/static/js/main.f6e4e4c1.chunk.js.map":"cb3d1cb5b09a7a079308981f5230e9208d69012c7cb34e0f13d8f81917b584f8","/static/js/2.4fd547a1.chunk.js":"08168d49496fb1bfb049636d9af06a0c7087f356751aed6ed3ae446b0c590a75","/static/js/2.4fd547a1.chunk.js.map":"e6bc9e3dd97478cdb7dc05ca0ce9fac885fc9ec675de922538a7098c7d388dbc"}}
[debug] [2021-08-29T10:43:09.436Z] <<< [apiv2][status] POST https://firebasehosting.googleapis.com/v1beta1/sites/fir-playground-36b7e/versions/706b6335c350357b:populateFiles 200
[debug] [2021-08-29T10:43:09.436Z] <<< [apiv2][body] POST https://firebasehosting.googleapis.com/v1beta1/sites/fir-playground-36b7e/versions/706b6335c350357b:populateFiles {"uploadRequiredHashes":["bf41371f5fc73dd35bb70090c6dcb96d010642e830d3fe8630b2964c6c299b5d","08168d49496fb1bfb049636d9af06a0c7087f356751aed6ed3ae446b0c590a75","6d00b3221b0871650cf63fb3d579391e6c498c93be0f7066abd6683f112f359e","2d5515714ef48b2c8fea52b3225a0322278a8d79ed2f06119de324633a3b0e10","0b20c03af61f644f7c24a4ab2c9b9bea219d0aff09c0d80f41fdf9c5c4e9bd0e","3ba75ba19bab41e2f082b47a05c1295133b6fd0142bfba84bf57172acb9fd112","9765a7711851dda3e6b972a229c2933d0a866802e65b3b17ca794d95085b470c","52ad31fb364d73c9a1f728987661dec84fd021c9ec4a2de36ed93d1b61a27cd7","8d524fa2aef5d594772aafa209d080352283f65cb9baf7d61b6912f3af13beb6","9efa1caff9b49db6a4a8c68e17318609bddee9f97c8b4380285a0ac475f4fc88","cb3d1cb5b09a7a079308981f5230e9208d69012c7cb34e0f13d8f81917b584f8","e6bc9e3dd97478cdb7dc05ca0ce9fac885fc9ec675de922538a7098c7d388dbc","64477322b2f2e9cb919fdcb4cd91561b51afa70f6acefb81ea77b744ad3626f8"],"uploadUrl":"https://upload-firebasehosting.googleapis.com/upload/sites/fir-playground-36b7e/versions/706b6335c350357b/files"}
[debug] [2021-08-29T10:43:09.439Z] >>> [apiv2][query] POST https://upload-firebasehosting.googleapis.com/upload/sites/fir-playground-36b7e/versions/706b6335c350357b/files/bf41371f5fc73dd35bb70090c6dcb96d010642e830d3fe8630b2964c6c299b5d [none]
[debug] [2021-08-29T10:43:09.439Z] >>> [apiv2][body] POST https://upload-firebasehosting.googleapis.com/upload/sites/fir-playground-36b7e/versions/706b6335c350357b/files/bf41371f5fc73dd35bb70090c6dcb96d010642e830d3fe8630b2964c6c299b5d [stream]
[debug] [2021-08-29T10:43:09.440Z] >>> [apiv2][query] POST https://upload-firebasehosting.googleapis.com/upload/sites/fir-playground-36b7e/versions/706b6335c350357b/files/08168d49496fb1bfb049636d9af06a0c7087f356751aed6ed3ae446b0c590a75 [none]
[debug] [2021-08-29T10:43:09.440Z] >>> [apiv2][body] POST https://upload-firebasehosting.googleapis.com/upload/sites/fir-playground-36b7e/versions/706b6335c350357b/files/08168d49496fb1bfb049636d9af06a0c7087f356751aed6ed3ae446b0c590a75 [stream]
[debug] [2021-08-29T10:43:09.441Z] >>> [apiv2][query] POST https://upload-firebasehosting.googleapis.com/upload/sites/fir-playground-36b7e/versions/706b6335c350357b/files/6d00b3221b0871650cf63fb3d579391e6c498c93be0f7066abd6683f112f359e [none]
[debug] [2021-08-29T10:43:09.441Z] >>> [apiv2][body] POST https://upload-firebasehosting.googleapis.com/upload/sites/fir-playground-36b7e/versions/706b6335c350357b/files/6d00b3221b0871650cf63fb3d579391e6c498c93be0f7066abd6683f112f359e [stream]
[debug] [2021-08-29T10:43:09.442Z] >>> [apiv2][query] POST https://upload-firebasehosting.googleapis.com/upload/sites/fir-playground-36b7e/versions/706b6335c350357b/files/2d5515714ef48b2c8fea52b3225a0322278a8d79ed2f06119de324633a3b0e10 [none]
[debug] [2021-08-29T10:43:09.442Z] >>> [apiv2][body] POST https://upload-firebasehosting.googleapis.com/upload/sites/fir-playground-36b7e/versions/706b6335c350357b/files/2d5515714ef48b2c8fea52b3225a0322278a8d79ed2f06119de324633a3b0e10 [stream]
[debug] [2021-08-29T10:43:09.443Z] >>> [apiv2][query] POST https://upload-firebasehosting.googleapis.com/upload/sites/fir-playground-36b7e/versions/706b6335c350357b/files/0b20c03af61f644f7c24a4ab2c9b9bea219d0aff09c0d80f41fdf9c5c4e9bd0e [none]
[debug] [2021-08-29T10:43:09.444Z] >>> [apiv2][body] POST https://upload-firebasehosting.googleapis.com/upload/sites/fir-playground-36b7e/versions/706b6335c350357b/files/0b20c03af61f644f7c24a4ab2c9b9bea219d0aff09c0d80f41fdf9c5c4e9bd0e [stream]
[debug] [2021-08-29T10:43:09.447Z] >>> [apiv2][query] POST https://upload-firebasehosting.googleapis.com/upload/sites/fir-playground-36b7e/versions/706b6335c350357b/files/3ba75ba19bab41e2f082b47a05c1295133b6fd0142bfba84bf57172acb9fd112 [none]
[debug] [2021-08-29T10:43:09.447Z] >>> [apiv2][body] POST https://upload-firebasehosting.googleapis.com/upload/sites/fir-playground-36b7e/versions/706b6335c350357b/files/3ba75ba19bab41e2f082b47a05c1295133b6fd0142bfba84bf57172acb9fd112 [stream]
[debug] [2021-08-29T10:43:09.448Z] >>> [apiv2][query] POST https://upload-firebasehosting.googleapis.com/upload/sites/fir-playground-36b7e/versions/706b6335c350357b/files/9765a7711851dda3e6b972a229c2933d0a866802e65b3b17ca794d95085b470c [none]
[debug] [2021-08-29T10:43:09.448Z] >>> [apiv2][body] POST https://upload-firebasehosting.googleapis.com/upload/sites/fir-playground-36b7e/versions/706b6335c350357b/files/9765a7711851dda3e6b972a229c2933d0a866802e65b3b17ca794d95085b470c [stream]
[debug] [2021-08-29T10:43:09.449Z] >>> [apiv2][query] POST https://upload-firebasehosting.googleapis.com/upload/sites/fir-playground-36b7e/versions/706b6335c350357b/files/52ad31fb364d73c9a1f728987661dec84fd021c9ec4a2de36ed93d1b61a27cd7 [none]
[debug] [2021-08-29T10:43:09.449Z] >>> [apiv2][body] POST https://upload-firebasehosting.googleapis.com/upload/sites/fir-playground-36b7e/versions/706b6335c350357b/files/52ad31fb364d73c9a1f728987661dec84fd021c9ec4a2de36ed93d1b61a27cd7 [stream]
[debug] [2021-08-29T10:43:09.450Z] >>> [apiv2][query] POST https://upload-firebasehosting.googleapis.com/upload/sites/fir-playground-36b7e/versions/706b6335c350357b/files/8d524fa2aef5d594772aafa209d080352283f65cb9baf7d61b6912f3af13beb6 [none]
[debug] [2021-08-29T10:43:09.450Z] >>> [apiv2][body] POST https://upload-firebasehosting.googleapis.com/upload/sites/fir-playground-36b7e/versions/706b6335c350357b/files/8d524fa2aef5d594772aafa209d080352283f65cb9baf7d61b6912f3af13beb6 [stream]
[debug] [2021-08-29T10:43:09.451Z] >>> [apiv2][query] POST https://upload-firebasehosting.googleapis.com/upload/sites/fir-playground-36b7e/versions/706b6335c350357b/files/9efa1caff9b49db6a4a8c68e17318609bddee9f97c8b4380285a0ac475f4fc88 [none]
[debug] [2021-08-29T10:43:09.451Z] >>> [apiv2][body] POST https://upload-firebasehosting.googleapis.com/upload/sites/fir-playground-36b7e/versions/706b6335c350357b/files/9efa1caff9b49db6a4a8c68e17318609bddee9f97c8b4380285a0ac475f4fc88 [stream]
[debug] [2021-08-29T10:43:09.452Z] >>> [apiv2][query] POST https://upload-firebasehosting.googleapis.com/upload/sites/fir-playground-36b7e/versions/706b6335c350357b/files/cb3d1cb5b09a7a079308981f5230e9208d69012c7cb34e0f13d8f81917b584f8 [none]
[debug] [2021-08-29T10:43:09.452Z] >>> [apiv2][body] POST https://upload-firebasehosting.googleapis.com/upload/sites/fir-playground-36b7e/versions/706b6335c350357b/files/cb3d1cb5b09a7a079308981f5230e9208d69012c7cb34e0f13d8f81917b584f8 [stream]
[debug] [2021-08-29T10:43:09.453Z] >>> [apiv2][query] POST https://upload-firebasehosting.googleapis.com/upload/sites/fir-playground-36b7e/versions/706b6335c350357b/files/e6bc9e3dd97478cdb7dc05ca0ce9fac885fc9ec675de922538a7098c7d388dbc [none]
[debug] [2021-08-29T10:43:09.453Z] >>> [apiv2][body] POST https://upload-firebasehosting.googleapis.com/upload/sites/fir-playground-36b7e/versions/706b6335c350357b/files/e6bc9e3dd97478cdb7dc05ca0ce9fac885fc9ec675de922538a7098c7d388dbc [stream]
[debug] [2021-08-29T10:43:09.453Z] >>> [apiv2][query] POST https://upload-firebasehosting.googleapis.com/upload/sites/fir-playground-36b7e/versions/706b6335c350357b/files/64477322b2f2e9cb919fdcb4cd91561b51afa70f6acefb81ea77b744ad3626f8 [none]
[debug] [2021-08-29T10:43:09.453Z] >>> [apiv2][body] POST https://upload-firebasehosting.googleapis.com/upload/sites/fir-playground-36b7e/versions/706b6335c350357b/files/64477322b2f2e9cb919fdcb4cd91561b51afa70f6acefb81ea77b744ad3626f8 [stream]
[debug] [2021-08-29T10:43:09.454Z] [hosting][populate queue][FINAL] {"max":3127,"min":3127,"avg":3127,"active":0,"complete":1,"success":1,"errored":0,"retried":0,"total":1,"elapsed":3142}
[debug] [2021-08-29T10:43:09.454Z] [hosting] uploads queued: 13
